<?xml version="1.0" encoding="UTF-8"?>
<!-- Generated by org.testng.reporters.JUnitXMLReporter -->
<testsuite ignored="0" hostname="akki" failures="0" tests="4" name="Test1" time="10.453" errors="0" timestamp="2026-07-20T10:37:25 IST">
  <testcase classname="testscripts.Logintest" name="verifywhethertheuserisabletologinwithValidcredentials" time="1.533"/>
  <testcase classname="testscripts.Logintest" name="verifywhethertheuserisabletologinwithInvalidCredentials" time="0.84"/>
  <testcase classname="testscripts.Logintest" name="verifywhethertheuserisabletologinwithInvalidUsernameandValidpassword" time="0.62"/>
  <testcase classname="testscripts.Logintest" name="verifywhethertheuserisabletologinwithValidusernameInvalidPassword" time="0.694"/>
</testsuite> <!-- Test1 -->
