<?xml version="1.0" encoding="UTF-8"?>
<!-- Generated by org.testng.reporters.JUnitXMLReporter -->
<testsuite ignored="0" hostname="akki" failures="0" tests="4" name="Test1" time="12.31" errors="0" timestamp="2026-07-20T10:41:32 IST">
  <testcase classname="testscripts.Logintest" name="verifywhethertheuserisabletologinwithValidcredentials" time="1.577"/>
  <testcase classname="testscripts.Logintest" name="verifywhethertheuserisabletologinwithInvalidCredentials" time="0.752"/>
  <testcase classname="testscripts.Logintest" name="verifywhethertheuserisabletologinwithInvalidUsernameandValidpassword" time="0.745"/>
  <testcase classname="testscripts.Logintest" name="verifywhethertheuserisabletologinwithValidusernameInvalidPassword" time="0.833"/>
</testsuite> <!-- Test1 -->
