<?xml version="1.0" encoding="UTF-8"?>
<!-- Generated by org.testng.reporters.JUnitXMLReporter -->
<testsuite ignored="2" hostname="akki" failures="0" tests="2" name="Test" time="84.696" errors="0" timestamp="2026-07-19T10:13:39 IST">
  <testcase classname="testscripts.Logintest" name="verifywhethertheuserisabletologinwithValidcredentials" time="3.304"/>
  <testcase classname="testscripts.Logintest" name="verifywhethertheuserisabletologinwithValidusernameInvalidPassword" time="1.226"/>
  <testcase classname="testscripts.Logintest" name="verifywhethertheuserisabletologinwithInvalidUsernameandValidpassword" time="0.0">
    <ignored/>
  </testcase> <!-- verifywhethertheuserisabletologinwithInvalidUsernameandValidpassword -->
  <testcase classname="testscripts.Logintest" name="verifywhethertheuserisabletologinwithInvalidCredentials" time="0.0">
    <ignored/>
  </testcase> <!-- verifywhethertheuserisabletologinwithInvalidCredentials -->
</testsuite> <!-- Test -->
