<?xml version="1.0" encoding="UTF-8"?>
<testng-results ignored="0" total="1" passed="1" failed="0" skipped="0">
  <reporter-output>
  </reporter-output>
  <suite started-at="2026-07-23T11:09:11 IST" name="Suite" finished-at="2026-07-23T11:09:16 IST" duration-ms="5340">
    <groups>
    </groups>
    <test started-at="2026-07-23T11:09:11 IST" name="Test" finished-at="2026-07-23T11:09:16 IST" duration-ms="5340">
      <class name="testscripts.ManageDeliveryBoyTest">
        <test-method is-config="true" signature="intialiseBrowser(java.lang.String)[pri:0, instance:testscripts.ManageDeliveryBoyTest@475c9c31]" started-at="2026-07-23T11:09:11 IST" name="intialiseBrowser" finished-at="2026-07-23T11:09:13 IST" duration-ms="2097" status="PASS">
          <params>
            <param index="0">
              <value>
                <![CDATA[Chrome]]>
              </value>
            </param>
          </params>
          <reporter-output>
          </reporter-output>
        </test-method> <!-- intialiseBrowser -->
        <test-method signature="verifyWhetherUserisAbleToAddNewDeliveryBoy()[pri:0, instance:testscripts.ManageDeliveryBoyTest@475c9c31]" started-at="2026-07-23T11:09:13 IST" name="verifyWhetherUserisAbleToAddNewDeliveryBoy" finished-at="2026-07-23T11:09:16 IST" duration-ms="3185" status="PASS">
          <reporter-output>
          </reporter-output>
        </test-method> <!-- verifyWhetherUserisAbleToAddNewDeliveryBoy -->
        <test-method is-config="true" signature="closeBrowser(org.testng.ITestResult)[pri:0, instance:testscripts.ManageDeliveryBoyTest@475c9c31]" started-at="2026-07-23T11:09:16 IST" name="closeBrowser" finished-at="2026-07-23T11:09:16 IST" duration-ms="1" status="PASS">
          <params>
            <param index="0">
              <value>
                <![CDATA[[TestResult name=verifyWhetherUserisAbleToAddNewDeliveryBoy status=SUCCESS method=ManageDeliveryBoyTest.verifyWhetherUserisAbleToAddNewDeliveryBoy()[pri:0, instance:testscripts.ManageDeliveryBoyTest@475c9c31] output={null}]]]>
              </value>
            </param>
          </params>
          <reporter-output>
          </reporter-output>
        </test-method> <!-- closeBrowser -->
      </class> <!-- testscripts.ManageDeliveryBoyTest -->
    </test> <!-- Test -->
  </suite> <!-- Suite -->
</testng-results>
