<?xml version="1.0" encoding="UTF-8"?>
<!-- Generated by org.testng.reporters.JUnitXMLReporter -->
<testsuite ignored="0" hostname="akki" failures="0" tests="4" name="ChromeTest" time="10.228" errors="0" timestamp="2026-07-20T10:27:40 IST">
  <testcase classname="testscripts.Logintest" name="verifywhethertheuserisabletologinwithValidcredentials" time="1.516"/>
  <testcase classname="testscripts.Logintest" name="verifywhethertheuserisabletologinwithInvalidCredentials" time="0.719"/>
  <testcase classname="testscripts.Logintest" name="verifywhethertheuserisabletologinwithInvalidUsernameandValidpassword" time="0.727"/>
  <testcase classname="testscripts.Logintest" name="verifywhethertheuserisabletologinwithValidusernameInvalidPassword" time="0.744"/>
</testsuite> <!-- ChromeTest -->
