<?xml version="1.0" encoding="UTF-8"?>
<!-- Generated by org.testng.reporters.JUnitXMLReporter -->
<testsuite ignored="0" hostname="akki" failures="0" tests="4" name="EdgeTest" time="1.231" errors="0" timestamp="2026-07-20T10:28:06 IST">
  <testcase classname="testscripts.Logintest" name="verifywhethertheuserisabletologinwithValidcredentials" time="0.0">
    <skipped/>
  </testcase> <!-- verifywhethertheuserisabletologinwithValidcredentials -->
  <testcase classname="testscripts.Logintest" name="verifywhethertheuserisabletologinwithInvalidCredentials" time="0.0">
    <skipped/>
  </testcase> <!-- verifywhethertheuserisabletologinwithInvalidCredentials -->
  <testcase classname="testscripts.Logintest" name="verifywhethertheuserisabletologinwithInvalidUsernameandValidpassword" time="0.0">
    <skipped/>
  </testcase> <!-- verifywhethertheuserisabletologinwithInvalidUsernameandValidpassword -->
  <testcase classname="testscripts.Logintest" name="verifywhethertheuserisabletologinwithValidusernameInvalidPassword" time="0.001">
    <skipped/>
  </testcase> <!-- verifywhethertheuserisabletologinwithValidusernameInvalidPassword -->
</testsuite> <!-- EdgeTest -->
